# JRE version: Java(TM) SE Runtime Environment (8.0_65-b17) (build 1.8.0_65-b17)
# Java VM: Java HotSpot(TM) 64-Bit Server VM (25.65-b01 mixed mode windows-amd64 compressed oops)
Heap:
 PSYoungGen      total 585216K, used 551493K [0x000000076b180000, 0x0000000791c80000, 0x00000007c0000000)
  eden space 545792K, 95% used [0x000000076b180000,0x000000078af1d8b8,0x000000078c680000)
  from space 39424K, 75% used [0x000000078f000000,0x0000000790cf3cc0,0x0000000791680000)
  to   space 42496K, 0% used [0x000000078c680000,0x000000078c680000,0x000000078f000000)
 ParOldGen       total 2355200K, used 1927743K [0x00000006c1400000, 0x0000000751000000, 0x000000076b180000)
  object space 2355200K, 81% used [0x00000006c1400000,0x0000000736e8fdc0,0x0000000751000000)
 Metaspace       used 6910K, capacity 7069K, committed 7168K, reserved 1056768K
  class space    used 669K, capacity 729K, committed 768K, reserved 1048576K
GC Heap History (10 events):
Event: 68.203 GC heap before
{Heap before GC invocations=79 (full 5):
 PSYoungGen      total 560128K, used 560027K [0x000000076b180000, 0x0000000791300000, 0x00000007c0000000)
  eden space 545792K, 100% used [0x000000076b180000,0x000000078c680000,0x000000078c680000)
  from space 14336K, 99% used [0x000000078c680000,0x000000078d466c10,0x000000078d480000)
  to   space 38400K, 0% used [0x000000078ed80000,0x000000078ed80000,0x0000000791300000)
 ParOldGen       total 2355200K, used 1927703K [0x00000006c1400000, 0x0000000751000000, 0x000000076b180000)
  object space 2355200K, 81% used [0x00000006c1400000,0x0000000736e85dc0,0x0000000751000000)
 Metaspace       used 6901K, capacity 7069K, committed 7168K, reserved 1056768K
  class space    used 668K, capacity 729K, committed 768K, reserved 1048576K
Event: 68.211 GC heap after
Heap after GC invocations=79 (full 5):
 PSYoungGen      total 583680K, used 2923K [0x000000076b180000, 0x0000000791180000, 0x00000007c0000000)
  eden space 546816K, 0% used [0x000000076b180000,0x000000076b180000,0x000000078c780000)
  from space 36864K, 7% used [0x000000078ed80000,0x000000078f05af60,0x0000000791180000)
  to   space 37888K, 0% used [0x000000078c780000,0x000000078c780000,0x000000078ec80000)
 ParOldGen       total 2355200K, used 1927703K [0x00000006c1400000, 0x0000000751000000, 0x000000076b180000)
  object space 2355200K, 81% used [0x00000006c1400000,0x0000000736e85dc0,0x0000000751000000)
 Metaspace       used 6901K, capacity 7069K, committed 7168K, reserved 1056768K
  class space    used 668K, capacity 729K, committed 768K, reserved 1048576K
}
Event: 70.588 GC heap before
{Heap before GC invocations=80 (full 5):
 PSYoungGen      total 583680K, used 549739K [0x000000076b180000, 0x0000000791180000, 0x00000007c0000000)
  eden space 546816K, 100% used [0x000000076b180000,0x000000078c780000,0x000000078c780000)
  from space 36864K, 7% used [0x000000078ed80000,0x000000078f05af60,0x0000000791180000)
  to   space 37888K, 0% used [0x000000078c780000,0x000000078c780000,0x000000078ec80000)
 ParOldGen       total 2355200K, used 1927703K [0x00000006c1400000, 0x0000000751000000, 0x000000076b180000)
  object space 2355200K, 81% used [0x00000006c1400000,0x0000000736e85dc0,0x0000000751000000)
 Metaspace       used 6901K, capacity 7069K, committed 7168K, reserved 1056768K
  class space    used 668K, capacity 729K, committed 768K, reserved 1048576K
Event: 70.600 GC heap after
Heap after GC invocations=80 (full 5):
 PSYoungGen      total 560128K, used 12837K [0x000000076b180000, 0x0000000790e80000, 0x00000007c0000000)
  eden space 546816K, 0% used [0x000000076b180000,0x000000076b180000,0x000000078c780000)
  from space 13312K, 96% used [0x000000078c780000,0x000000078d409480,0x000000078d480000)
  to   space 35840K, 0% used [0x000000078eb80000,0x000000078eb80000,0x0000000790e80000)
 ParOldGen       total 2355200K, used 1927703K [0x00000006c1400000, 0x0000000751000000, 0x000000076b180000)
  object space 2355200K, 81% used [0x00000006c1400000,0x0000000736e85dc0,0x0000000751000000)
 Metaspace       used 6901K, capacity 7069K, committed 7168K, reserved 1056768K
  class space    used 668K, capacity 729K, committed 768K, reserved 1048576K
}
Event: 73.015 GC heap before
{Heap before GC invocations=81 (full 5):
 PSYoungGen      total 560128K, used 559653K [0x000000076b180000, 0x0000000790e80000, 0x00000007c0000000)
  eden space 546816K, 100% used [0x000000076b180000,0x000000078c780000,0x000000078c780000)
  from space 13312K, 96% used [0x000000078c780000,0x000000078d409480,0x000000078d480000)
  to   space 35840K, 0% used [0x000000078eb80000,0x000000078eb80000,0x0000000790e80000)
 ParOldGen       total 2355200K, used 1927703K [0x00000006c1400000, 0x0000000751000000, 0x000000076b180000)
  object space 2355200K, 81% used [0x00000006c1400000,0x0000000736e85dc0,0x0000000751000000)
 Metaspace       used 6910K, capacity 7069K, committed 7168K, reserved 1056768K
  class space    used 669K, capacity 729K, committed 768K, reserved 1048576K
Event: 73.021 GC heap after
Heap after GC invocations=81 (full 5):
 PSYoungGen      total 583680K, used 128K [0x000000076b180000, 0x0000000790e80000, 0x00000007c0000000)
  eden space 547840K, 0% used [0x000000076b180000,0x000000076b180000,0x000000078c880000)
  from space 35840K, 0% used [0x000000078eb80000,0x000000078eba0000,0x0000000790e80000)
  to   space 35840K, 0% used [0x000000078c880000,0x000000078c880000,0x000000078eb80000)
 ParOldGen       total 2355200K, used 1927711K [0x00000006c1400000, 0x0000000751000000, 0x000000076b180000)
  object space 2355200K, 81% used [0x00000006c1400000,0x0000000736e87dc0,0x0000000751000000)
 Metaspace       used 6910K, capacity 7069K, committed 7168K, reserved 1056768K
  class space    used 669K, capacity 729K, committed 768K, reserved 1048576K
}
Event: 75.836 GC heap before
{Heap before GC invocations=82 (full 5):
 PSYoungGen      total 583680K, used 547968K [0x000000076b180000, 0x0000000790e80000, 0x00000007c0000000)
  eden space 547840K, 100% used [0x000000076b180000,0x000000078c880000,0x000000078c880000)
  from space 35840K, 0% used [0x000000078eb80000,0x000000078eba0000,0x0000000790e80000)
  to   space 35840K, 0% used [0x000000078c880000,0x000000078c880000,0x000000078eb80000)
 ParOldGen       total 2355200K, used 1927711K [0x00000006c1400000, 0x0000000751000000, 0x000000076b180000)
  object space 2355200K, 81% used [0x00000006c1400000,0x0000000736e87dc0,0x0000000751000000)
 Metaspace       used 6910K, capacity 7069K, committed 7168K, reserved 1056768K
  class space    used 669K, capacity 729K, committed 768K, reserved 1048576K
Event: 75.855 GC heap after
Heap after GC invocations=82 (full 5):
 PSYoungGen      total 583680K, used 27814K [0x000000076b180000, 0x0000000791680000, 0x00000007c0000000)
  eden space 547840K, 0% used [0x000000076b180000,0x000000076b180000,0x000000078c880000)
  from space 35840K, 77% used [0x000000078c880000,0x000000078e3a9890,0x000000078eb80000)
  to   space 39424K, 0% used [0x000000078f000000,0x000000078f000000,0x0000000791680000)
 ParOldGen       total 2355200K, used 1927743K [0x00000006c1400000, 0x0000000751000000, 0x000000076b180000)
  object space 2355200K, 81% used [0x00000006c1400000,0x0000000736e8fdc0,0x0000000751000000)
 Metaspace       used 6910K, capacity 7069K, committed 7168K, reserved 1056768K
  class space    used 669K, capacity 729K, committed 768K, reserved 1048576K
}
Event: 78.687 GC heap before
{Heap before GC invocations=83 (full 5):
 PSYoungGen      total 583680K, used 575654K [0x000000076b180000, 0x0000000791680000, 0x00000007c0000000)
  eden space 547840K, 100% used [0x000000076b180000,0x000000078c880000,0x000000078c880000)
  from space 35840K, 77% used [0x000000078c880000,0x000000078e3a9890,0x000000078eb80000)
  to   space 39424K, 0% used [0x000000078f000000,0x000000078f000000,0x0000000791680000)
 ParOldGen       total 2355200K, used 1927743K [0x00000006c1400000, 0x0000000751000000, 0x000000076b180000)
  object space 2355200K, 81% used [0x00000006c1400000,0x0000000736e8fdc0,0x0000000751000000)
 Metaspace       used 6910K, capacity 7069K, committed 7168K, reserved 1056768K
  class space    used 669K, capacity 729K, committed 768K, reserved 1048576K
Event: 78.709 GC heap after
Heap after GC invocations=83 (full 5):
 PSYoungGen      total 585216K, used 29647K [0x000000076b180000, 0x0000000791c80000, 0x00000007c0000000)
  eden space 545792K, 0% used [0x000000076b180000,0x000000076b180000,0x000000078c680000)
  from space 39424K, 75% used [0x000000078f000000,0x0000000790cf3cc0,0x0000000791680000)
  to   space 42496K, 0% used [0x000000078c680000,0x000000078c680000,0x000000078f000000)
 ParOldGen       total 2355200K, used 1927743K [0x00000006c1400000, 0x0000000751000000, 0x000000076b180000)
  object space 2355200K, 81% used [0x00000006c1400000,0x0000000736e8fdc0,0x0000000751000000)
 Metaspace       used 6910K, capacity 7069K, committed 7168K, reserved 1056768K
  class space    used 669K, capacity 729K, committed 768K, reserved 1048576K
}

