# JRE version: Java(TM) SE Runtime Environment (8.0_65-b17) (build 1.8.0_65-b17)
# Java VM: Java HotSpot(TM) 64-Bit Server VM (25.65-b01 mixed mode windows-amd64 compressed oops)
Heap:
 PSYoungGen      total 2152448K, used 1701768K [0x00000006eab00000, 0x0000000771c00000, 0x00000007c0000000)
  eden space 2097152K, 81% used [0x00000006eab00000,0x00000007526aeac8,0x000000076ab00000)
  from space 55296K, 4% used [0x000000076e600000,0x000000076e833858,0x0000000771c00000)
  to   space 57856K, 0% used [0x000000076ab00000,0x000000076ab00000,0x000000076e380000)
 ParOldGen       total 699392K, used 57499K [0x0000000540000000, 0x000000056ab00000, 0x00000006eab00000)
  object space 699392K, 8% used [0x0000000540000000,0x0000000543826f30,0x000000056ab00000)
 Metaspace       used 6948K, capacity 7069K, committed 7168K, reserved 1056768K
  class space    used 671K, capacity 729K, committed 768K, reserved 1048576K
GC Heap History (10 events):
Event: 5.971 GC heap before
{Heap before GC invocations=22 (full 0):
 PSYoungGen      total 2155008K, used 2097312K [0x00000006eab00000, 0x0000000771c00000, 0x00000007c0000000)
  eden space 2097152K, 100% used [0x00000006eab00000,0x000000076ab00000,0x000000076ab00000)
  from space 57856K, 0% used [0x000000076ab00000,0x000000076ab28000,0x000000076e380000)
  to   space 55296K, 0% used [0x000000076e600000,0x000000076e600000,0x0000000771c00000)
 ParOldGen       total 699392K, used 57363K [0x0000000540000000, 0x000000056ab00000, 0x00000006eab00000)
  object space 699392K, 8% used [0x0000000540000000,0x0000000543804f30,0x000000056ab00000)
 Metaspace       used 6932K, capacity 7069K, committed 7168K, reserved 1056768K
  class space    used 669K, capacity 729K, committed 768K, reserved 1048576K
Event: 5.977 GC heap after
Heap after GC invocations=22 (full 0):
 PSYoungGen      total 2152448K, used 5074K [0x00000006eab00000, 0x0000000771c00000, 0x00000007c0000000)
  eden space 2097152K, 0% used [0x00000006eab00000,0x00000006eab00000,0x000000076ab00000)
  from space 55296K, 9% used [0x000000076e600000,0x000000076eaf4880,0x0000000771c00000)
  to   space 57856K, 0% used [0x000000076ab00000,0x000000076ab00000,0x000000076e380000)
 ParOldGen       total 699392K, used 57379K [0x0000000540000000, 0x000000056ab00000, 0x00000006eab00000)
  object space 699392K, 8% used [0x0000000540000000,0x0000000543808f30,0x000000056ab00000)
 Metaspace       used 6932K, capacity 7069K, committed 7168K, reserved 1056768K
  class space    used 669K, capacity 729K, committed 768K, reserved 1048576K
}
Event: 6.233 GC heap before
{Heap before GC invocations=23 (full 0):
 PSYoungGen      total 2152448K, used 2102226K [0x00000006eab00000, 0x0000000771c00000, 0x00000007c0000000)
  eden space 2097152K, 100% used [0x00000006eab00000,0x000000076ab00000,0x000000076ab00000)
  from space 55296K, 9% used [0x000000076e600000,0x000000076eaf4880,0x0000000771c00000)
  to   space 57856K, 0% used [0x000000076ab00000,0x000000076ab00000,0x000000076e380000)
 ParOldGen       total 699392K, used 57379K [0x0000000540000000, 0x000000056ab00000, 0x00000006eab00000)
  object space 699392K, 8% used [0x0000000540000000,0x0000000543808f30,0x000000056ab00000)
 Metaspace       used 6932K, capacity 7069K, committed 7168K, reserved 1056768K
  class space    used 669K, capacity 729K, committed 768K, reserved 1048576K
Event: 6.234 GC heap after
Heap after GC invocations=23 (full 0):
 PSYoungGen      total 2155008K, used 256K [0x00000006eab00000, 0x0000000771c00000, 0x00000007c0000000)
  eden space 2097152K, 0% used [0x00000006eab00000,0x00000006eab00000,0x000000076ab00000)
  from space 57856K, 0% used [0x000000076ab00000,0x000000076ab40000,0x000000076e380000)
  to   space 55296K, 0% used [0x000000076e600000,0x000000076e600000,0x0000000771c00000)
 ParOldGen       total 699392K, used 57403K [0x0000000540000000, 0x000000056ab00000, 0x00000006eab00000)
  object space 699392K, 8% used [0x0000000540000000,0x000000054380ef30,0x000000056ab00000)
 Metaspace       used 6932K, capacity 7069K, committed 7168K, reserved 1056768K
  class space    used 669K, capacity 729K, committed 768K, reserved 1048576K
}
Event: 6.437 GC heap before
{Heap before GC invocations=24 (full 0):
 PSYoungGen      total 2155008K, used 2097408K [0x00000006eab00000, 0x0000000771c00000, 0x00000007c0000000)
  eden space 2097152K, 100% used [0x00000006eab00000,0x000000076ab00000,0x000000076ab00000)
  from space 57856K, 0% used [0x000000076ab00000,0x000000076ab40000,0x000000076e380000)
  to   space 55296K, 0% used [0x000000076e600000,0x000000076e600000,0x0000000771c00000)
 ParOldGen       total 699392K, used 57403K [0x0000000540000000, 0x000000056ab00000, 0x00000006eab00000)
  object space 699392K, 8% used [0x0000000540000000,0x000000054380ef30,0x000000056ab00000)
 Metaspace       used 6932K, capacity 7069K, committed 7168K, reserved 1056768K
  class space    used 669K, capacity 729K, committed 768K, reserved 1048576K
Event: 6.442 GC heap after
Heap after GC invocations=24 (full 0):
 PSYoungGen      total 2152448K, used 4861K [0x00000006eab00000, 0x0000000771c00000, 0x00000007c0000000)
  eden space 2097152K, 0% used [0x00000006eab00000,0x00000006eab00000,0x000000076ab00000)
  from space 55296K, 8% used [0x000000076e600000,0x000000076eabf458,0x0000000771c00000)
  to   space 57856K, 0% used [0x000000076ab00000,0x000000076ab00000,0x000000076e380000)
 ParOldGen       total 699392K, used 57419K [0x0000000540000000, 0x000000056ab00000, 0x00000006eab00000)
  object space 699392K, 8% used [0x0000000540000000,0x0000000543812f30,0x000000056ab00000)
 Metaspace       used 6932K, capacity 7069K, committed 7168K, reserved 1056768K
  class space    used 669K, capacity 729K, committed 768K, reserved 1048576K
}
Event: 6.635 GC heap before
{Heap before GC invocations=25 (full 0):
 PSYoungGen      total 2152448K, used 2102013K [0x00000006eab00000, 0x0000000771c00000, 0x00000007c0000000)
  eden space 2097152K, 100% used [0x00000006eab00000,0x000000076ab00000,0x000000076ab00000)
  from space 55296K, 8% used [0x000000076e600000,0x000000076eabf458,0x0000000771c00000)
  to   space 57856K, 0% used [0x000000076ab00000,0x000000076ab00000,0x000000076e380000)
 ParOldGen       total 699392K, used 57419K [0x0000000540000000, 0x000000056ab00000, 0x00000006eab00000)
  object space 699392K, 8% used [0x0000000540000000,0x0000000543812f30,0x000000056ab00000)
 Metaspace       used 6934K, capacity 7069K, committed 7168K, reserved 1056768K
  class space    used 669K, capacity 729K, committed 768K, reserved 1048576K
Event: 6.638 GC heap after
Heap after GC invocations=25 (full 0):
 PSYoungGen      total 2155008K, used 2379K [0x00000006eab00000, 0x0000000771c00000, 0x00000007c0000000)
  eden space 2097152K, 0% used [0x00000006eab00000,0x00000006eab00000,0x000000076ab00000)
  from space 57856K, 4% used [0x000000076ab00000,0x000000076ad52f40,0x000000076e380000)
  to   space 55296K, 0% used [0x000000076e600000,0x000000076e600000,0x0000000771c00000)
 ParOldGen       total 699392K, used 57451K [0x0000000540000000, 0x000000056ab00000, 0x00000006eab00000)
  object space 699392K, 8% used [0x0000000540000000,0x000000054381af30,0x000000056ab00000)
 Metaspace       used 6934K, capacity 7069K, committed 7168K, reserved 1056768K
  class space    used 669K, capacity 729K, committed 768K, reserved 1048576K
}
Event: 6.890 GC heap before
{Heap before GC invocations=26 (full 0):
 PSYoungGen      total 2155008K, used 2099531K [0x00000006eab00000, 0x0000000771c00000, 0x00000007c0000000)
  eden space 2097152K, 100% used [0x00000006eab00000,0x000000076ab00000,0x000000076ab00000)
  from space 57856K, 4% used [0x000000076ab00000,0x000000076ad52f40,0x000000076e380000)
  to   space 55296K, 0% used [0x000000076e600000,0x000000076e600000,0x0000000771c00000)
 ParOldGen       total 699392K, used 57451K [0x0000000540000000, 0x000000056ab00000, 0x00000006eab00000)
  object space 699392K, 8% used [0x0000000540000000,0x000000054381af30,0x000000056ab00000)
 Metaspace       used 6934K, capacity 7069K, committed 7168K, reserved 1056768K
  class space    used 669K, capacity 729K, committed 768K, reserved 1048576K
Event: 6.893 GC heap after
Heap after GC invocations=26 (full 0):
 PSYoungGen      total 2152448K, used 2254K [0x00000006eab00000, 0x0000000771c00000, 0x00000007c0000000)
  eden space 2097152K, 0% used [0x00000006eab00000,0x00000006eab00000,0x000000076ab00000)
  from space 55296K, 4% used [0x000000076e600000,0x000000076e833858,0x0000000771c00000)
  to   space 57856K, 0% used [0x000000076ab00000,0x000000076ab00000,0x000000076e380000)
 ParOldGen       total 699392K, used 57499K [0x0000000540000000, 0x000000056ab00000, 0x00000006eab00000)
  object space 699392K, 8% used [0x0000000540000000,0x0000000543826f30,0x000000056ab00000)
 Metaspace       used 6934K, capacity 7069K, committed 7168K, reserved 1056768K
  class space    used 669K, capacity 729K, committed 768K, reserved 1048576K
}

